#! /usr/local/Cellar/icarus-verilog/10.3/bin/vvp
:ivl_version "10.3 (stable)" "(v10_3)";
:ivl_delay_selection "TYPICAL";
:vpi_time_precision + 0;
:vpi_module "system";
:vpi_module "vhdl_sys";
:vpi_module "v2005_math";
:vpi_module "va_math";
S_0x7fd116c06500 .scope module, "MealyPatternTestbench" "MealyPatternTestbench" 2 30;
 .timescale 0 0;
v0x7fd116c35780_0 .var "c", 3 0;
v0x7fd116c35810_0 .var "clk", 0 0;
v0x7fd116c358a0_0 .var "currInp", 0 0;
v0x7fd116c35930_0 .var "inp", 9 0;
v0x7fd116c359c0_0 .net "out", 1 0, L_0x7fd116c35e30;  1 drivers
S_0x7fd116c24bc0 .scope module, "machine" "MealyPattern" 2 54, 2 1 0, S_0x7fd116c06500;
 .timescale 0 0;
    .port_info 0 /INPUT 1 "clock"
    .port_info 1 /INPUT 1 "i"
    .port_info 2 /OUTPUT 2 "o"
L_0x7fd116c35a90 .functor AND 1, v0x7fd116c353e0_0, v0x7fd116c35480_0, C4<1>, C4<1>;
L_0x7fd116c35b80 .functor AND 1, L_0x7fd116c35a90, v0x7fd116c358a0_0, C4<1>, C4<1>;
L_0x7fd116c36110 .functor AND 1, L_0x7fd116c35f50, L_0x7fd116c36030, C4<1>, C4<1>;
L_0x7fd116c36200 .functor AND 1, L_0x7fd116c36110, v0x7fd116c358a0_0, C4<1>, C4<1>;
v0x7fd116c08d90_0 .net *"_s10", 0 0, L_0x7fd116c35cb0;  1 drivers
v0x7fd116c34b20_0 .net *"_s16", 0 0, L_0x7fd116c35f50;  1 drivers
v0x7fd116c34bc0_0 .net *"_s18", 0 0, L_0x7fd116c36030;  1 drivers
v0x7fd116c34c70_0 .net *"_s19", 0 0, L_0x7fd116c36110;  1 drivers
v0x7fd116c34d20_0 .net *"_s2", 0 0, L_0x7fd116c35a90;  1 drivers
v0x7fd116c34e10_0 .net *"_s21", 0 0, L_0x7fd116c36200;  1 drivers
L_0x7fd116d63098 .functor BUFT 1, C4<1>, C4<0>, C4<0>, C4<0>;
v0x7fd116c34ec0_0 .net/2u *"_s23", 0 0, L_0x7fd116d63098;  1 drivers
L_0x7fd116d630e0 .functor BUFT 1, C4<0>, C4<0>, C4<0>, C4<0>;
v0x7fd116c34f70_0 .net/2u *"_s25", 0 0, L_0x7fd116d630e0;  1 drivers
v0x7fd116c35020_0 .net *"_s27", 0 0, L_0x7fd116c36310;  1 drivers
v0x7fd116c35130_0 .net *"_s4", 0 0, L_0x7fd116c35b80;  1 drivers
L_0x7fd116d63008 .functor BUFT 1, C4<1>, C4<0>, C4<0>, C4<0>;
v0x7fd116c351e0_0 .net/2u *"_s6", 0 0, L_0x7fd116d63008;  1 drivers
L_0x7fd116d63050 .functor BUFT 1, C4<0>, C4<0>, C4<0>, C4<0>;
v0x7fd116c35290_0 .net/2u *"_s8", 0 0, L_0x7fd116d63050;  1 drivers
v0x7fd116c35340_0 .net "clock", 0 0, v0x7fd116c35810_0;  1 drivers
v0x7fd116c353e0_0 .var "ff1", 0 0;
v0x7fd116c35480_0 .var "ff2", 0 0;
v0x7fd116c35520_0 .net "i", 0 0, v0x7fd116c358a0_0;  1 drivers
v0x7fd116c355c0_0 .net "o", 1 0, L_0x7fd116c35e30;  alias, 1 drivers
E_0x7fd116c094a0 .event posedge, v0x7fd116c35340_0;
L_0x7fd116c35cb0 .functor MUXZ 1, L_0x7fd116d63050, L_0x7fd116d63008, L_0x7fd116c35b80, C4<>;
L_0x7fd116c35e30 .concat8 [ 1 1 0 0], L_0x7fd116c36310, L_0x7fd116c35cb0;
L_0x7fd116c35f50 .reduce/nor v0x7fd116c353e0_0;
L_0x7fd116c36030 .reduce/nor v0x7fd116c35480_0;
L_0x7fd116c36310 .functor MUXZ 1, L_0x7fd116d630e0, L_0x7fd116d63098, L_0x7fd116c36200, C4<>;
    .scope S_0x7fd116c24bc0;
T_0 ;
    %wait E_0x7fd116c094a0;
    %load/vec4 v0x7fd116c35520_0;
    %assign/vec4 v0x7fd116c353e0_0, 0;
    %load/vec4 v0x7fd116c353e0_0;
    %assign/vec4 v0x7fd116c35480_0, 0;
    %vpi_call 2 14 "$display", "cycle" {0 0 0};
    %vpi_call 2 15 "$display", v0x7fd116c35520_0 {0 0 0};
    %vpi_call 2 16 "$display", v0x7fd116c353e0_0 {0 0 0};
    %vpi_call 2 17 "$display", v0x7fd116c35480_0 {0 0 0};
    %vpi_call 2 18 "$display", "generated output" {0 0 0};
    %vpi_call 2 19 "$display", "pattern 111 (o[1])" {0 0 0};
    %load/vec4 v0x7fd116c353e0_0;
    %load/vec4 v0x7fd116c35480_0;
    %and;
    %load/vec4 v0x7fd116c35520_0;
    %and;
    %vpi_call 2 20 "$display", S<0,vec4,u1> {1 0 0};
    %vpi_call 2 21 "$display", "pattern 001 (o[0])" {0 0 0};
    %load/vec4 v0x7fd116c353e0_0;
    %nor/r;
    %load/vec4 v0x7fd116c35480_0;
    %nor/r;
    %and;
    %load/vec4 v0x7fd116c35520_0;
    %and;
    %vpi_call 2 22 "$display", S<0,vec4,u1> {1 0 0};
    %vpi_call 2 23 "$display", "\012" {0 0 0};
    %jmp T_0;
    .thread T_0;
    .scope S_0x7fd116c06500;
T_1 ;
    %pushi/vec4 615, 0, 10;
    %store/vec4 v0x7fd116c35930_0, 0, 10;
    %pushi/vec4 0, 0, 1;
    %store/vec4 v0x7fd116c35810_0, 0, 1;
    %pushi/vec4 0, 0, 4;
    %store/vec4 v0x7fd116c35780_0, 0, 4;
    %vpi_call 2 44 "$dumpfile", "mealy.vcd" {0 0 0};
    %vpi_call 2 45 "$dumpvars" {0 0 0};
    %end;
    .thread T_1;
    .scope S_0x7fd116c06500;
T_2 ;
    %pushi/vec4 1, 0, 1;
    %assign/vec4 v0x7fd116c35810_0, 0;
    %delay 5, 0;
    %pushi/vec4 0, 0, 1;
    %assign/vec4 v0x7fd116c35810_0, 0;
    %delay 5, 0;
    %jmp T_2;
    .thread T_2;
    .scope S_0x7fd116c06500;
T_3 ;
    %pushi/vec4 0, 0, 1;
    %store/vec4 v0x7fd116c358a0_0, 0, 1;
    %delay 20, 0;
    %vpi_call 2 61 "$display", "\012 start \012" {0 0 0};
    %load/vec4 v0x7fd116c35930_0;
    %parti/s 1, 0, 2;
    %store/vec4 v0x7fd116c358a0_0, 0, 1;
    %vpi_call 2 63 "$display", "001:" {0 0 0};
    %vpi_call 2 64 "$display", &PV<v0x7fd116c359c0_0, 0, 1> {0 0 0};
    %vpi_call 2 65 "$display", "111:" {0 0 0};
    %vpi_call 2 66 "$display", &PV<v0x7fd116c359c0_0, 1, 1> {0 0 0};
    %load/vec4 v0x7fd116c359c0_0;
    %parti/s 1, 0, 2;
    %pad/u 32;
    %cmpi/ne 0, 0, 32;
    %flag_mov 8, 4;
    %load/vec4 v0x7fd116c359c0_0;
    %parti/s 1, 1, 2;
    %pad/u 32;
    %cmpi/ne 0, 0, 32;
    %flag_or 4, 8;
    %jmp/0xz  T_3.0, 4;
    %vpi_call 2 68 "$display", "fault on 0" {0 0 0};
T_3.0 ;
    %delay 10, 0;
    %vpi_call 2 70 "$display", "001:" {0 0 0};
    %vpi_call 2 71 "$display", &PV<v0x7fd116c359c0_0, 0, 1> {0 0 0};
    %vpi_call 2 72 "$display", "111:" {0 0 0};
    %vpi_call 2 73 "$display", &PV<v0x7fd116c359c0_0, 1, 1> {0 0 0};
    %load/vec4 v0x7fd116c359c0_0;
    %parti/s 1, 0, 2;
    %pad/u 32;
    %cmpi/e 1, 0, 32;
    %flag_mov 8, 4;
    %load/vec4 v0x7fd116c359c0_0;
    %parti/s 1, 1, 2;
    %pad/u 32;
    %cmpi/e 1, 0, 32;
    %flag_or 4, 8;
    %jmp/0xz  T_3.2, 4;
    %vpi_call 2 75 "$display", "fault on 1" {0 0 0};
T_3.2 ;
    %load/vec4 v0x7fd116c35930_0;
    %parti/s 1, 1, 2;
    %store/vec4 v0x7fd116c358a0_0, 0, 1;
    %delay 10, 0;
    %vpi_call 2 78 "$display", "001:" {0 0 0};
    %vpi_call 2 79 "$display", &PV<v0x7fd116c359c0_0, 0, 1> {0 0 0};
    %vpi_call 2 80 "$display", "111:" {0 0 0};
    %vpi_call 2 81 "$display", &PV<v0x7fd116c359c0_0, 1, 1> {0 0 0};
    %load/vec4 v0x7fd116c359c0_0;
    %parti/s 1, 0, 2;
    %pad/u 32;
    %cmpi/ne 0, 0, 32;
    %flag_mov 8, 4;
    %load/vec4 v0x7fd116c359c0_0;
    %parti/s 1, 1, 2;
    %pad/u 32;
    %cmpi/ne 1, 0, 32;
    %flag_or 4, 8;
    %jmp/0xz  T_3.4, 4;
    %vpi_call 2 83 "$display", "fault on 2" {0 0 0};
T_3.4 ;
    %load/vec4 v0x7fd116c35930_0;
    %parti/s 1, 2, 3;
    %store/vec4 v0x7fd116c358a0_0, 0, 1;
    %delay 10, 0;
    %vpi_call 2 86 "$display", "001:" {0 0 0};
    %vpi_call 2 87 "$display", &PV<v0x7fd116c359c0_0, 0, 1> {0 0 0};
    %vpi_call 2 88 "$display", "111:" {0 0 0};
    %vpi_call 2 89 "$display", &PV<v0x7fd116c359c0_0, 1, 1> {0 0 0};
    %load/vec4 v0x7fd116c359c0_0;
    %parti/s 1, 0, 2;
    %pad/u 32;
    %cmpi/ne 0, 0, 32;
    %flag_mov 8, 4;
    %load/vec4 v0x7fd116c359c0_0;
    %parti/s 1, 1, 2;
    %pad/u 32;
    %cmpi/ne 1, 0, 32;
    %flag_or 4, 8;
    %jmp/0xz  T_3.6, 4;
    %vpi_call 2 91 "$display", "fault on 3" {0 0 0};
T_3.6 ;
    %load/vec4 v0x7fd116c35930_0;
    %parti/s 1, 3, 3;
    %store/vec4 v0x7fd116c358a0_0, 0, 1;
    %delay 10, 0;
    %vpi_call 2 94 "$display", "001:" {0 0 0};
    %vpi_call 2 95 "$display", &PV<v0x7fd116c359c0_0, 0, 1> {0 0 0};
    %vpi_call 2 96 "$display", "111:" {0 0 0};
    %vpi_call 2 97 "$display", &PV<v0x7fd116c359c0_0, 1, 1> {0 0 0};
    %load/vec4 v0x7fd116c359c0_0;
    %parti/s 1, 0, 2;
    %pad/u 32;
    %cmpi/ne 0, 0, 32;
    %flag_mov 8, 4;
    %load/vec4 v0x7fd116c359c0_0;
    %parti/s 1, 1, 2;
    %pad/u 32;
    %cmpi/ne 0, 0, 32;
    %flag_or 4, 8;
    %jmp/0xz  T_3.8, 4;
    %vpi_call 2 99 "$display", "fault on 3" {0 0 0};
T_3.8 ;
    %load/vec4 v0x7fd116c35930_0;
    %parti/s 1, 4, 4;
    %store/vec4 v0x7fd116c358a0_0, 0, 1;
    %delay 10, 0;
    %vpi_call 2 102 "$display", "001:" {0 0 0};
    %vpi_call 2 103 "$display", &PV<v0x7fd116c359c0_0, 0, 1> {0 0 0};
    %vpi_call 2 104 "$display", "111:" {0 0 0};
    %vpi_call 2 105 "$display", &PV<v0x7fd116c359c0_0, 1, 1> {0 0 0};
    %load/vec4 v0x7fd116c359c0_0;
    %parti/s 1, 0, 2;
    %pad/u 32;
    %cmpi/ne 0, 0, 32;
    %flag_mov 8, 4;
    %load/vec4 v0x7fd116c359c0_0;
    %parti/s 1, 1, 2;
    %pad/u 32;
    %cmpi/ne 0, 0, 32;
    %flag_or 4, 8;
    %jmp/0xz  T_3.10, 4;
    %vpi_call 2 107 "$display", "fault on 4" {0 0 0};
T_3.10 ;
    %load/vec4 v0x7fd116c35930_0;
    %parti/s 1, 5, 4;
    %store/vec4 v0x7fd116c358a0_0, 0, 1;
    %delay 10, 0;
    %vpi_call 2 110 "$display", "001:" {0 0 0};
    %vpi_call 2 111 "$display", &PV<v0x7fd116c359c0_0, 0, 1> {0 0 0};
    %vpi_call 2 112 "$display", "111:" {0 0 0};
    %vpi_call 2 113 "$display", &PV<v0x7fd116c359c0_0, 1, 1> {0 0 0};
    %load/vec4 v0x7fd116c359c0_0;
    %parti/s 1, 0, 2;
    %pad/u 32;
    %cmpi/ne 1, 0, 32;
    %flag_mov 8, 4;
    %load/vec4 v0x7fd116c359c0_0;
    %parti/s 1, 1, 2;
    %pad/u 32;
    %cmpi/ne 0, 0, 32;
    %flag_or 4, 8;
    %jmp/0xz  T_3.12, 4;
    %vpi_call 2 115 "$display", "fault on 5" {0 0 0};
T_3.12 ;
    %load/vec4 v0x7fd116c35930_0;
    %parti/s 1, 6, 4;
    %store/vec4 v0x7fd116c358a0_0, 0, 1;
    %delay 10, 0;
    %vpi_call 2 118 "$display", "001:" {0 0 0};
    %vpi_call 2 119 "$display", &PV<v0x7fd116c359c0_0, 0, 1> {0 0 0};
    %vpi_call 2 120 "$display", "111:" {0 0 0};
    %vpi_call 2 121 "$display", &PV<v0x7fd116c359c0_0, 1, 1> {0 0 0};
    %load/vec4 v0x7fd116c359c0_0;
    %parti/s 1, 0, 2;
    %pad/u 32;
    %cmpi/ne 0, 0, 32;
    %flag_mov 8, 4;
    %load/vec4 v0x7fd116c359c0_0;
    %parti/s 1, 1, 2;
    %pad/u 32;
    %cmpi/ne 0, 0, 32;
    %flag_or 4, 8;
    %jmp/0xz  T_3.14, 4;
    %vpi_call 2 123 "$display", "fault on 6" {0 0 0};
T_3.14 ;
    %load/vec4 v0x7fd116c35930_0;
    %parti/s 1, 7, 4;
    %store/vec4 v0x7fd116c358a0_0, 0, 1;
    %delay 10, 0;
    %vpi_call 2 126 "$display", "001:" {0 0 0};
    %vpi_call 2 127 "$display", &PV<v0x7fd116c359c0_0, 0, 1> {0 0 0};
    %vpi_call 2 128 "$display", "111:" {0 0 0};
    %vpi_call 2 129 "$display", &PV<v0x7fd116c359c0_0, 1, 1> {0 0 0};
    %load/vec4 v0x7fd116c359c0_0;
    %parti/s 1, 0, 2;
    %pad/u 32;
    %cmpi/ne 0, 0, 32;
    %flag_mov 8, 4;
    %load/vec4 v0x7fd116c359c0_0;
    %parti/s 1, 1, 2;
    %pad/u 32;
    %cmpi/ne 0, 0, 32;
    %flag_or 4, 8;
    %jmp/0xz  T_3.16, 4;
    %vpi_call 2 131 "$display", "fault on 7" {0 0 0};
T_3.16 ;
    %load/vec4 v0x7fd116c35930_0;
    %parti/s 1, 8, 5;
    %store/vec4 v0x7fd116c358a0_0, 0, 1;
    %delay 10, 0;
    %vpi_call 2 134 "$display", "001:" {0 0 0};
    %vpi_call 2 135 "$display", &PV<v0x7fd116c359c0_0, 0, 1> {0 0 0};
    %vpi_call 2 136 "$display", "111:" {0 0 0};
    %vpi_call 2 137 "$display", &PV<v0x7fd116c359c0_0, 1, 1> {0 0 0};
    %load/vec4 v0x7fd116c359c0_0;
    %parti/s 1, 0, 2;
    %pad/u 32;
    %cmpi/ne 0, 0, 32;
    %flag_mov 8, 4;
    %load/vec4 v0x7fd116c359c0_0;
    %parti/s 1, 1, 2;
    %pad/u 32;
    %cmpi/ne 0, 0, 32;
    %flag_or 4, 8;
    %jmp/0xz  T_3.18, 4;
    %vpi_call 2 139 "$display", "fault on 8" {0 0 0};
T_3.18 ;
    %load/vec4 v0x7fd116c35930_0;
    %parti/s 1, 9, 5;
    %store/vec4 v0x7fd116c358a0_0, 0, 1;
    %delay 10, 0;
    %vpi_call 2 142 "$display", "001:" {0 0 0};
    %vpi_call 2 143 "$display", &PV<v0x7fd116c359c0_0, 0, 1> {0 0 0};
    %vpi_call 2 144 "$display", "111:" {0 0 0};
    %vpi_call 2 145 "$display", &PV<v0x7fd116c359c0_0, 1, 1> {0 0 0};
    %load/vec4 v0x7fd116c359c0_0;
    %parti/s 1, 0, 2;
    %pad/u 32;
    %cmpi/ne 1, 0, 32;
    %flag_mov 8, 4;
    %load/vec4 v0x7fd116c359c0_0;
    %parti/s 1, 1, 2;
    %pad/u 32;
    %cmpi/ne 0, 0, 32;
    %flag_or 4, 8;
    %jmp/0xz  T_3.20, 4;
    %vpi_call 2 147 "$display", "fault on 9" {0 0 0};
T_3.20 ;
    %vpi_call 2 148 "$finish" {0 0 0};
    %end;
    .thread T_3;
# The file index is used to find the file name in the following table.
:file_names 3;
    "N/A";
    "<interactive>";
    "MealyMaschine.v";
